usr_command.sh: line 1: 12287 Terminated              perl perl_stocktools.pl -mbs
sh600235:6.56:600:6.4288:6.888

bye bye!
sh600235:6.56:600:6.4288:6.888

bye bye!
sh600235:6.56:600:6.4288:6.888

bye bye!
sh600235:6.56:600:6.4288:6.888

bye bye!
sh600235:6.56:600:6.4288:6.888

bye bye!
sh600235:6.56:600:6.4288:6.888

bye bye!
sh600235:6.56:600:6.4288:6.888

bye bye!
sh600235:6.56:600:6.4288:6.888

bye bye!
sh600235:6.56:600:6.4288:6.888

bye bye!
sh600235:6.56:600:6.4288:6.888

bye bye!
sh600235:6.56:600:6.4288:6.888

bye bye!
sh600235:6.56:600:6.4288:6.888

bye bye!
sh600235:6.56:600:6.4288:6.888

bye bye!
sh600235:6.56:600:6.4288:6.888

bye bye!
sh600235:6.56:600:6.4288:6.888

bye bye!
sh600235:6.56:600:6.4288:6.888

bye bye!
sh600235:6.56:600:6.4288:6.888

bye bye!
sh600235:6.56:600:6.4288:6.888

bye bye!
sh600235:6.56:600:6.4288:6.888

bye bye!
sh600235:6.56:600:6.4288:6.888

bye bye!
sh600235:6.56:600:6.4288:6.888

bye bye!
sh600235:6.56:600:6.4288:6.888

bye bye!
sh600235:6.56:600:6.4288:6.888

bye bye!
sh600235:6.56:600:6.4288:6.888

bye bye!
sh600235:6.56:600:6.4288:6.888

bye bye!
sh600235:6.56:600:6.4288:6.888

bye bye!
sh600235:6.56:600:6.4288:6.888

bye bye!
sh600235:6.56:600:6.4288:6.888

bye bye!
sh600235:6.56:600:6.4288:6.888

bye bye!
sh600235:6.56:600:6.4288:6.888

bye bye!
sh600235:6.56:600:6.4288:6.888

bye bye!
sh600235:6.56:600:6.4288:6.888

bye bye!
sh600235:6.56:600:6.4288:6.888

bye bye!
sh600235:6.56:600:6.4288:6.888

bye bye!
sh600235:6.56:600:6.4288:6.888

bye bye!
sh600235:6.56:600:6.4288:6.888

bye bye!
sh600235:6.56:600:6.4288:6.888

bye bye!
sh600235:6.56:600:6.4288:6.888

bye bye!
sh600235:6.56:600:6.4288:6.888

bye bye!
sh600235:6.56:600:6.4288:6.888

bye bye!
sh600235:6.56:600:6.4288:6.888

bye bye!
sh600235:6.56:600:6.4288:6.888

bye bye!
sh600235:6.56:600:6.4288:6.888

bye bye!
sh600235:6.56:600:6.4288:6.888

bye bye!
sh600235:6.56:600:6.4288:6.888

bye bye!
sh600235:1*importantprice:(6.56:7.11:328.98))
[[32m[1m10:35:46[0m]  Set a initialized Config Struct to User
[[32m[1m10:35:46[0m]  Initialize ssi authentication action
[[32m[1m10:35:46[0m]  221.130.45.212:443
[[32m[1m10:35:46[0m]  Start ssi login with v3Temp password , user number 13590216192
[[32m[1m10:35:47[0m]  SSI login success
[[32m[1m10:35:47[0m]  221.130.45.201:80
[[32m[1m10:35:47[0m]  Load user information
[[32m[1m10:35:48[0m]  Load user information
[[32m[1m10:35:48[0m]  Load contact list
[[32m[1m10:35:48[0m]  221.176.31.42:8080
[[32m[1m10:35:48[0m]  Set a initialized Sip Struct to User
[[32m[1m10:35:48[0m]  Initialize sipc registeration action
[[32m[1m10:35:48[0m]  Start registering to sip server(221.176.31.42:8080)
[[32m[1m10:35:48[0m]  Register to sip server success
[[32m[1m10:35:48[0m]  nonce:4FEBB7EF16B5F2B37EA5852A337B23F4
[[32m[1m10:35:48[0m]  Start encrypting response
[[32m[1m10:35:48[0m]  Encrypting reponse success
[[32m[1m10:35:48[0m]  Initialize sipc authencation action
[[32m[1m10:35:48[0m]  Start sipc authentication , with ak-value
[[32m[1m10:35:48[0m]  Got sipc response
[[32m[1m10:35:48[0m]  Sipc authentication success
[[32m[1m10:35:48[0m]  Start reading contact list 
[[32m[1m10:35:48[0m]  Read contact list complete
[[32m[1m10:35:48[0m]  Save user information
[[32m[1m10:35:49[0m]  Save contact list
[[32m[1m10:35:49[0m]  Save contact list successfully
[[32m[1m10:35:49[0m]  Sent a message to myself
[[32m[1m10:35:49[0m]  Free sip struct and close socket
